Arguments: 
  D:\Program Files\nodejs\node.exe C:\Users\Stefan\AppData\Roaming\npm\node_modules\yarn\bin\yarn.js add uuid

PATH: 
  C:\Program Files (x86)\Common Files\Oracle\Java\javapath;C:\Python38\Scripts\;C:\Python38\;C:\WINDOWS\system32;C:\WINDOWS;C:\WINDOWS\System32\Wbem;C:\WINDOWS\System32\WindowsPowerShell\v1.0\;C:\WINDOWS\System32\OpenSSH\;C:\Android;C:\Windows\System32;C:\Program Files\Calibre2\;C:\ProgramData\chocolatey\bin;C:\Program Files\TortoiseSVN\bin;C:\Program Files\NVIDIA Corporation\NVIDIA NvDLISR;C:\Program Files\Git\cmd;D:\Program Files\nodejs\;C:\Program Files (x86)\NVIDIA Corporation\PhysX\Common;C:\Program Files\Microsoft SQL Server\Client SDK\ODBC\170\Tools\Binn\;C:\Program Files (x86)\Microsoft SQL Server\150\Tools\Binn\;C:\Program Files\Microsoft SQL Server\150\Tools\Binn\;C:\Program Files\Microsoft SQL Server\150\DTS\Binn\;C:\Program Files (x86)\Microsoft SQL Server\150\DTS\Binn\;C:\Program Files\Azure Data Studio\bin;C:\Program Files\Docker\Docker\resources\bin;C:\ProgramData\DockerDesktop\version-bin;C:\WINDOWS\system32;C:\WINDOWS;C:\WINDOWS\System32\Wbem;C:\WINDOWS\System32\WindowsPowerShell\v1.0\;C:\WINDOWS\System32\OpenSSH\;C:\Users\Stefan\AppData\Local\Programs\AdoptOpenJDK\jdk-11.0.11.9-hotspot\bin;C:\Users\Stefan\AppData\Local\Microsoft\WindowsApps;C:\Users\Stefan\AppData\Local\Programs\Microsoft VS Code\bin;C:\Users\Stefan\AppData\Roaming\npm

Yarn version: 
  1.22.4

Node version: 
  14.15.4

Platform: 
  win32 x64

Trace: 
  Error: EPERM: operation not permitted, unlink 'C:\Projetos\RocketSeat\NLW\Week6\NodeJs\node_modules\sqlite3\lib\binding\napi-v3-win32-x64\node_sqlite3.node'

npm manifest: 
  {
    "name": "NodeJs",
    "version": "1.0.0",
    "description": "",
    "main": "index.js",
    "scripts": {
      "dev": "ts-node-dev src/server.ts",
      "typeorm": "ts-node-dev ./node_modules/typeorm/cli.js"
    },
    "keywords": [],
    "author": "",
    "license": "ISC",
    "devDependencies": {
      "@types/express": "^4.17.12",
      "ts-node-dev": "^1.1.6",
      "typescript": "^4.3.4"
    },
    "dependencies": {
      "express": "^4.17.1",
      "reflect-metadata": "^0.1.13",
      "sqlite3": "^5.0.2",
      "typeorm": "^0.2.34"
    }
  }

yarn manifest: 
  No manifest

Lockfile: 
  No lockfile
